<?xml version="1.0" encoding="UTF-8"?>
<coverage generated="1753713689713" clover="3.2.0">
  <project timestamp="1753713689713" name="All files">
    <metrics statements="2" coveredstatements="1" conditionals="0" coveredconditionals="0" methods="1" coveredmethods="1" elements="3" coveredelements="2" complexity="0" loc="2" ncloc="2" packages="1" files="2" classes="2"/>
    <file name="App.js" path="/Users/yois/projects/my-mac-portfolio/yoisar/app/frontend/src/App.js">
      <metrics statements="1" coveredstatements="1" conditionals="0" coveredconditionals="0" methods="1" coveredmethods="1"/>
      <line num="4" count="7" type="stmt"/>
    </file>
    <file name="index.js" path="/Users/yois/projects/my-mac-portfolio/yoisar/app/frontend/src/index.js">
      <metrics statements="1" coveredstatements="0" conditionals="0" coveredconditionals="0" methods="0" coveredmethods="0"/>
      <line num="6" count="0" type="stmt"/>
    </file>
  </project>
</coverage>
