{"/Users/yois/projects/my-mac-portfolio/yoisar/app/frontend/src/App.js": {"path":"/Users/yois/projects/my-mac-portfolio/yoisar/app/frontend/src/App.js","statementMap":{"0":{"start":{"line":4,"column":4},"end":{"line":99,"column":6}}},"fnMap":{"0":{"name":"PresentacionYassel","decl":{"start":{"line":3,"column":24},"end":{"line":3,"column":42}},"loc":{"start":{"line":3,"column":45},"end":{"line":100,"column":1}},"line":3}},"branchMap":{},"s":{"0":7},"f":{"0":7},"b":{},"_coverageSchema":"1a1c01bbd47fc00a2c39e90264f33305004495a9","hash":"becd0d15323d3f00f5d4d0ea68fbe996ca90162f"}
,"/Users/yois/projects/my-mac-portfolio/yoisar/app/frontend/src/index.js": {"path":"/Users/yois/projects/my-mac-portfolio/yoisar/app/frontend/src/index.js","statementMap":{"0":{"start":{"line":6,"column":0},"end":{"line":6,"column":73}}},"fnMap":{},"branchMap":{},"s":{"0":0},"f":{},"b":{}}
}
