{"/Users/yois/projects/my-mac-portfolio/yoisar/app/frontend/src/App.js": {"path":"/Users/yois/projects/my-mac-portfolio/yoisar/app/frontend/src/App.js","statementMap":{"0":{"start":{"line":4,"column":4},"end":{"line":225,"column":6}},"1":{"start":{"line":112,"column":49},"end":{"line":112,"column":95}},"2":{"start":{"line":113,"column":49},"end":{"line":113,"column":91}},"3":{"start":{"line":146,"column":49},"end":{"line":146,"column":95}},"4":{"start":{"line":147,"column":49},"end":{"line":147,"column":91}}},"fnMap":{"0":{"name":"PresentacionYassel","decl":{"start":{"line":3,"column":24},"end":{"line":3,"column":42}},"loc":{"start":{"line":3,"column":45},"end":{"line":226,"column":1}},"line":3},"1":{"name":"(anonymous_1)","decl":{"start":{"line":112,"column":42},"end":{"line":112,"column":43}},"loc":{"start":{"line":112,"column":49},"end":{"line":112,"column":95}},"line":112},"2":{"name":"(anonymous_2)","decl":{"start":{"line":113,"column":42},"end":{"line":113,"column":43}},"loc":{"start":{"line":113,"column":49},"end":{"line":113,"column":91}},"line":113},"3":{"name":"(anonymous_3)","decl":{"start":{"line":146,"column":42},"end":{"line":146,"column":43}},"loc":{"start":{"line":146,"column":49},"end":{"line":146,"column":95}},"line":146},"4":{"name":"(anonymous_4)","decl":{"start":{"line":147,"column":42},"end":{"line":147,"column":43}},"loc":{"start":{"line":147,"column":49},"end":{"line":147,"column":91}},"line":147}},"branchMap":{},"s":{"0":11,"1":0,"2":0,"3":0,"4":0},"f":{"0":11,"1":0,"2":0,"3":0,"4":0},"b":{},"_coverageSchema":"1a1c01bbd47fc00a2c39e90264f33305004495a9","hash":"d4caa0d1310728ef07999c81396626dc4238fc5e"}
,"/Users/yois/projects/my-mac-portfolio/yoisar/app/frontend/src/index.js": {"path":"/Users/yois/projects/my-mac-portfolio/yoisar/app/frontend/src/index.js","statementMap":{"0":{"start":{"line":6,"column":0},"end":{"line":6,"column":73}}},"fnMap":{},"branchMap":{},"s":{"0":0},"f":{},"b":{}}
}
